<?xml version="1.0" encoding="UTF-8"?>
<!-- Generated by org.testng.reporters.JUnitReportReporter -->
<testsuite hostname="CHN-REG-338651" failures="0" tests="1" name="org.example.BrowserTest" time="6.535" errors="1" timestamp="2023-10-09T12:48:43 IST" skipped="0">
  <testcase classname="org.example.BrowserTest" name="configureAppium" time="6.535">
    <error message="Could not start a new session. Response code 500. Message: An unknown server-side error occurred while processing the command. Original error: An unknown server-side error occurred while processing the command. Original error: unknown error: Failed to start com.android.chrome on device emulator-5554: Starting: Intent { dat=data: cmp=com.android.chrome/com.google.android.apps.chrome.Main }
Error type 3
Error: Activity class {com.android.chrome/com.google.android.apps.chrome.Main} does not exist.
 
Host info: host: &#039;CHN-REG-338651&#039;, ip: &#039;172.16.252.18&#039;
Build info: version: &#039;4.13.0&#039;, revision: &#039;ba948ece5b*&#039;
System info: os.name: &#039;Windows 11&#039;, os.arch: &#039;amd64&#039;, os.version: &#039;10.0&#039;, java.version: &#039;18.0.1.1&#039;
Driver info: io.appium.java_client.android.AndroidDriver
Command: [null, newSession {capabilities=[{appium:automationName=UiAutomator2, browserName=Chrome, appium:chromedriverExecutable=C:\\Users\\k.kirubakaran\\Downloads\\chromedriver_win32 (15)\\chromedriver.exe, appium:device=Android, appium:deviceName=kirubaphone2, platformName=ANDROID, appium:platformVersion=13}], desiredCapabilities=Capabilities {automationName: UiAutomator2, browserName: Chrome, chromedriverExecutable: C:\\Users\\k.kirubakaran\\D..., device: Android, deviceName: kirubaphone2, platformName: ANDROID, platformVersion: 13}}]
Capabilities {automationName: UiAutomator2, browserName: Chrome, chromedriverExecutable: C:\\Users\\k.kirubakaran\\D..., device: Android, deviceName: kirubaphone2, platformName: ANDROID, platformVersion: 13}" type="org.openqa.selenium.SessionNotCreatedException">
      <![CDATA[org.openqa.selenium.SessionNotCreatedException: Could not start a new session. Response code 500. Message: An unknown server-side error occurred while processing the command. Original error: An unknown server-side error occurred while processing the command. Original error: unknown error: Failed to start com.android.chrome on device emulator-5554: Starting: Intent { dat=data: cmp=com.android.chrome/com.google.android.apps.chrome.Main }
Error type 3
Error: Activity class {com.android.chrome/com.google.android.apps.chrome.Main} does not exist.
 
Host info: host: 'CHN-REG-338651', ip: '172.16.252.18'
Build info: version: '4.13.0', revision: 'ba948ece5b*'
System info: os.name: 'Windows 11', os.arch: 'amd64', os.version: '10.0', java.version: '18.0.1.1'
Driver info: io.appium.java_client.android.AndroidDriver
Command: [null, newSession {capabilities=[{appium:automationName=UiAutomator2, browserName=Chrome, appium:chromedriverExecutable=C:\\Users\\k.kirubakaran\\Downloads\\chromedriver_win32 (15)\\chromedriver.exe, appium:device=Android, appium:deviceName=kirubaphone2, platformName=ANDROID, appium:platformVersion=13}], desiredCapabilities=Capabilities {automationName: UiAutomator2, browserName: Chrome, chromedriverExecutable: C:\\Users\\k.kirubakaran\\D..., device: Android, deviceName: kirubaphone2, platformName: ANDROID, platformVersion: 13}}]
Capabilities {automationName: UiAutomator2, browserName: Chrome, chromedriverExecutable: C:\\Users\\k.kirubakaran\\D..., device: Android, deviceName: kirubaphone2, platformName: ANDROID, platformVersion: 13}
at org.openqa.selenium.remote.ProtocolHandshake.createSession(ProtocolHandshake.java:140)
at java.base/jdk.internal.reflect.DirectMethodHandleAccessor.invoke(DirectMethodHandleAccessor.java:104)
at java.base/java.lang.reflect.Method.invoke(Method.java:577)
at io.appium.java_client.remote.AppiumProtocolHandshake.createSession(AppiumProtocolHandshake.java:133)
at io.appium.java_client.remote.AppiumProtocolHandshake.createSession(AppiumProtocolHandshake.java:102)
at io.appium.java_client.remote.AppiumCommandExecutor.createSession(AppiumCommandExecutor.java:194)
at io.appium.java_client.remote.AppiumCommandExecutor.execute(AppiumCommandExecutor.java:262)
at org.openqa.selenium.remote.RemoteWebDriver.execute(RemoteWebDriver.java:602)
at io.appium.java_client.AppiumDriver.startSession(AppiumDriver.java:229)
at org.openqa.selenium.remote.RemoteWebDriver.<init>(RemoteWebDriver.java:163)
at io.appium.java_client.AppiumDriver.<init>(AppiumDriver.java:80)
at io.appium.java_client.AppiumDriver.<init>(AppiumDriver.java:92)
at io.appium.java_client.android.AndroidDriver.<init>(AndroidDriver.java:117)
at org.example.BrowserTest.configureAppium(BrowserTest.java:34)
at java.base/jdk.internal.reflect.DirectMethodHandleAccessor.invoke(DirectMethodHandleAccessor.java:104)
at java.base/java.lang.reflect.Method.invoke(Method.java:577)
at org.testng.internal.invokers.MethodInvocationHelper.invokeMethod(MethodInvocationHelper.java:139)
at org.testng.internal.invokers.TestInvoker.invokeMethod(TestInvoker.java:664)
at org.testng.internal.invokers.TestInvoker.invokeTestMethod(TestInvoker.java:227)
at org.testng.internal.invokers.MethodRunner.runInSequence(MethodRunner.java:50)
at org.testng.internal.invokers.TestInvoker$MethodInvocationAgent.invoke(TestInvoker.java:957)
at org.testng.internal.invokers.TestInvoker.invokeTestMethods(TestInvoker.java:200)
at org.testng.internal.invokers.TestMethodWorker.invokeTestMethods(TestMethodWorker.java:148)
at org.testng.internal.invokers.TestMethodWorker.run(TestMethodWorker.java:128)
at java.base/java.util.ArrayList.forEach(ArrayList.java:1511)
at org.testng.TestRunner.privateRun(TestRunner.java:848)
at org.testng.TestRunner.run(TestRunner.java:621)
at org.testng.SuiteRunner.runTest(SuiteRunner.java:443)
at org.testng.SuiteRunner.runSequentially(SuiteRunner.java:437)
at org.testng.SuiteRunner.privateRun(SuiteRunner.java:397)
at org.testng.SuiteRunner.run(SuiteRunner.java:336)
at org.testng.SuiteRunnerWorker.runSuite(SuiteRunnerWorker.java:52)
at org.testng.SuiteRunnerWorker.run(SuiteRunnerWorker.java:95)
at org.testng.TestNG.runSuitesSequentially(TestNG.java:1280)
at org.testng.TestNG.runSuitesLocally(TestNG.java:1200)
at org.testng.TestNG.runSuites(TestNG.java:1114)
at org.testng.TestNG.run(TestNG.java:1082)
at org.testng.remote.AbstractRemoteTestNG.run(AbstractRemoteTestNG.java:115)
at org.testng.remote.RemoteTestNG.initAndRun(RemoteTestNG.java:251)
at org.testng.remote.RemoteTestNG.main(RemoteTestNG.java:77)
]]>
    </error>
  </testcase> <!-- configureAppium -->
</testsuite> <!-- org.example.BrowserTest -->
