<?xml version="1.0" encoding="UTF-8"?>
<!-- Generated by org.testng.reporters.JUnitReportReporter -->
<testsuite hostname="CHN-REG-338651" failures="0" tests="1" name="org.example.Draganddropdemo" time="5.999" errors="0" timestamp="2023-02-04T15:51:14 IST" skipped="0">
  <testcase classname="org.example.Draganddropdemo" name="draganddroop" time="5.999"/>
  <system-out/>
</testsuite> <!-- org.example.Draganddropdemo -->
