<?xml version="1.0" encoding="UTF-8"?>
<!-- Generated by org.testng.reporters.JUnitReportReporter -->
<testsuite hostname="CHN-REG-338651" failures="0" tests="1" name="org.example.MessageApp" time="20.245" errors="0" timestamp="2023-10-09T15:32:07 IST" skipped="0">
  <testcase classname="org.example.MessageApp" name="test" time="20.245"/>
</testsuite> <!-- org.example.MessageApp -->
