<?xml version="1.0" encoding="UTF-8"?>
<!-- Generated by org.testng.reporters.JUnitReportReporter -->
<testsuite hostname="CHN-REG-338651" failures="0" tests="1" name="org.example.Ecommerce_App" time="11.383" errors="0" timestamp="2023-02-06T15:27:43 IST" skipped="0">
  <testcase classname="org.example.Ecommerce_App" name="Fillform" time="11.383"/>
  <system-out/>
</testsuite> <!-- org.example.Ecommerce_App -->
