<?xml version="1.0" encoding="UTF-8"?>
<!-- Generated by org.testng.reporters.JUnitReportReporter -->
<testsuite hostname="CHN-REG-338651" failures="0" tests="1" name="org.example.AppiumBasics3" time="20.177" errors="0" timestamp="2023-02-13T17:40:10 IST" skipped="0">
  <testcase classname="org.example.AppiumBasics3" name="runMessagesTest" time="20.177"/>
  <system-out/>
</testsuite> <!-- org.example.AppiumBasics3 -->
