<?xml version="1.0" encoding="UTF-8"?>
<!-- Generated by org.testng.reporters.JUnitReportReporter -->
<testsuite hostname="CHN-REG-338651" failures="0" tests="1" name="org.example.ScrollDemotest" time="26.424" errors="0" timestamp="2023-02-04T12:35:41 IST" skipped="0">
  <testcase classname="org.example.ScrollDemotest" name="scrolldemo" time="26.424"/>
  <system-out/>
</testsuite> <!-- org.example.ScrollDemotest -->
