<?xml version="1.0" encoding="UTF-8"?>
<!-- Generated by org.testng.reporters.JUnitReportReporter -->
<testsuite hostname="CHN-REG-338651" failures="0" tests="1" name="org.example.Swipedemo" time="4.027" errors="0" timestamp="2023-02-04T12:53:44 IST" skipped="0">
  <testcase classname="org.example.Swipedemo" name="Swipedemotest" time="4.027"/>
  <system-out/>
</testsuite> <!-- org.example.Swipedemo -->
