<?xml version="1.0" encoding="UTF-8"?>
<!-- Generated by org.testng.reporters.JUnitReportReporter -->
<testsuite hostname="CHN-REG-338651" failures="0" tests="1" name="org.example.AppiumBasics" time="5.077" errors="0" timestamp="2023-07-22T07:39:37 IST" skipped="0">
  <testcase classname="org.example.AppiumBasics" name="wifisettingsName" time="5.077"/>
  <system-out/>
</testsuite> <!-- org.example.AppiumBasics -->
